<?xml version="1.0" encoding="UTF-8"?>
<testng-results ignored="0" total="1" passed="1" failed="0" skipped="0">
  <reporter-output>
  </reporter-output>
  <suite started-at="2025-08-19T16:13:44 IST" name="Default suite" finished-at="2025-08-19T16:14:03 IST" duration-ms="18258">
    <groups>
    </groups>
    <test started-at="2025-08-19T16:13:44 IST" name="Default test" finished-at="2025-08-19T16:14:03 IST" duration-ms="18258">
      <class name="testCases.Validation">
        <test-method signature="testcase()[pri:0, instance:testCases.Validation@1623b78d]" started-at="2025-08-19T16:13:44 IST" name="testcase" finished-at="2025-08-19T16:14:03 IST" duration-ms="18190" status="PASS">
          <reporter-output>
          </reporter-output>
        </test-method> <!-- testcase -->
      </class> <!-- testCases.Validation -->
    </test> <!-- Default test -->
  </suite> <!-- Default suite -->
</testng-results>
